<?xml version="1.0" encoding="UTF-8"?>
<testng-results total="1" passed="1" failed="0" skipped="0">
  <reporter-output>
  </reporter-output>
  <suite started-at="2022-08-01T17:29:23Z" name="Default suite" finished-at="2022-08-01T17:30:18Z" duration-ms="55826">
    <groups>
    </groups>
    <test started-at="2022-08-01T17:29:23Z" name="Default test" finished-at="2022-08-01T17:30:18Z" duration-ms="55826">
      <class name="Academy.E2E2.HomePage">
        <test-method signature="basePageNavigation()[pri:0, instance:Academy.E2E2.HomePage@20f5281c]" started-at="2022-08-01T22:59:23Z" name="basePageNavigation" finished-at="2022-08-01T23:00:18Z" duration-ms="55724" status="PASS">
          <reporter-output>
          </reporter-output>
        </test-method> <!-- basePageNavigation -->
      </class> <!-- Academy.E2E2.HomePage -->
    </test> <!-- Default test -->
  </suite> <!-- Default suite -->
</testng-results>
