<?xml version="1.0" encoding="UTF-8"?>
<!-- Generated by org.testng.reporters.JUnitXMLReporter -->
<testsuite ignored="0" hostname="LAPTOP-9FT84NNT" failures="0" tests="3" name="Test" time="132.525" errors="0" timestamp="2022-08-13T21:20:38 IST">
  <testcase classname="Academy.Validation2" name="basePageNavigator" time="28.698"/>
  <testcase classname="Academy.Validation" name="basePageNavigator" time="47.815"/>
  <testcase classname="Academy.HomePage" name="basePageNavigator" time="55.861"/>
</testsuite> <!-- Test -->
