<?xml version="1.0" encoding="UTF-8"?>
<!-- Generated by org.testng.reporters.JUnitXMLReporter -->
<testsuite hostname="LAPTOP-9FT84NNT" name="Test" tests="3" failures="0" timestamp="25 Jul 2022 19:24:12 GMT" time="312.94" errors="0">
  <testcase name="basePageNavigator" time="53.036" classname="Academy.E2EProject.HomePage"/>
  <testcase name="basePageNavigator" time="2.448" classname="Academy.E2EProject.ValidateTitle2"/>
  <testcase name="basePageNavigator" time="88.009" classname="Academy.E2EProject.ValidateTitle"/>
</testsuite> <!-- Test -->
